c:\users\nhayo\onedrive\desktop\14.11\gamesense legacy\releaseex\api.obj
c:\users\nhayo\onedrive\desktop\14.11\gamesense legacy\releaseex\clientstate.obj
c:\users\nhayo\onedrive\desktop\14.11\gamesense legacy\releaseex\edit.obj
c:\users\nhayo\onedrive\desktop\14.11\gamesense legacy\releaseex\imgui_draw.obj
c:\users\nhayo\onedrive\desktop\14.11\gamesense legacy\releaseex\lua_hooks.obj
c:\users\nhayo\onedrive\desktop\14.11\gamesense legacy\releaseex\shadowmgr.obj
c:\users\nhayo\onedrive\desktop\14.11\gamesense legacy\releaseex\grenades.obj
c:\users\nhayo\onedrive\desktop\14.11\gamesense legacy\releaseex\clientdll.obj
c:\users\nhayo\onedrive\desktop\14.11\gamesense legacy\releaseex\netdata.obj
c:\users\nhayo\onedrive\desktop\14.11\gamesense legacy\releaseex\render.obj
c:\users\nhayo\onedrive\desktop\14.11\gamesense legacy\releaseex\wndproc.obj
c:\users\nhayo\onedrive\desktop\14.11\gamesense legacy\releaseex\cache.obj
c:\users\nhayo\onedrive\desktop\14.11\gamesense legacy\releaseex\client.obj
c:\users\nhayo\onedrive\desktop\14.11\gamesense legacy\releaseex\imenu.obj
c:\users\nhayo\onedrive\desktop\14.11\gamesense legacy\releaseex\js_loader.obj
c:\users\nhayo\onedrive\desktop\14.11\gamesense legacy\releaseex\keybind.obj
c:\users\nhayo\onedrive\desktop\14.11\gamesense legacy\releaseex\cvar.obj
c:\users\nhayo\onedrive\desktop\14.11\gamesense legacy\releaseex\hooks.obj
c:\users\nhayo\onedrive\desktop\14.11\gamesense legacy\releaseex\skins.obj
c:\users\nhayo\onedrive\desktop\14.11\gamesense legacy\releaseex\panel.obj
c:\users\nhayo\onedrive\desktop\14.11\gamesense legacy\releaseex\resolver.obj
c:\users\nhayo\onedrive\desktop\14.11\gamesense legacy\releaseex\checkbox.obj
c:\users\nhayo\onedrive\desktop\14.11\gamesense legacy\releaseex\events.obj
c:\users\nhayo\onedrive\desktop\14.11\gamesense legacy\releaseex\imgui_impl_dx9.obj
c:\users\nhayo\onedrive\desktop\14.11\gamesense legacy\releaseex\plist.obj
c:\users\nhayo\onedrive\desktop\14.11\gamesense legacy\releaseex\entry.obj
c:\users\nhayo\onedrive\desktop\14.11\gamesense legacy\releaseex\knifebot.obj
c:\users\nhayo\onedrive\desktop\14.11\gamesense legacy\releaseex\math.obj
c:\users\nhayo\onedrive\desktop\14.11\gamesense legacy\releaseex\player.obj
c:\users\nhayo\onedrive\desktop\14.11\gamesense legacy\releaseex\slider.obj
c:\users\nhayo\onedrive\desktop\14.11\gamesense legacy\releaseex\bonesetup.obj
c:\users\nhayo\onedrive\desktop\14.11\gamesense legacy\releaseex\duktape.obj
c:\users\nhayo\onedrive\desktop\14.11\gamesense legacy\releaseex\imgui.obj
c:\users\nhayo\onedrive\desktop\14.11\gamesense legacy\releaseex\js_handler.obj
c:\users\nhayo\onedrive\desktop\14.11\gamesense legacy\releaseex\sha256.obj
c:\users\nhayo\onedrive\desktop\14.11\gamesense legacy\releaseex\csgo.obj
c:\users\nhayo\onedrive\desktop\14.11\gamesense legacy\releaseex\gui.obj
c:\users\nhayo\onedrive\desktop\14.11\gamesense legacy\releaseex\shots.obj
c:\users\nhayo\onedrive\desktop\14.11\gamesense legacy\releaseex\clientmode.obj
c:\users\nhayo\onedrive\desktop\14.11\gamesense legacy\releaseex\viewrender.obj
c:\users\nhayo\onedrive\desktop\14.11\gamesense legacy\releaseex\callbacks.obj
c:\users\nhayo\onedrive\desktop\14.11\gamesense legacy\releaseex\colorpicker.obj
c:\users\nhayo\onedrive\desktop\14.11\gamesense legacy\releaseex\imgui_demo.obj
c:\users\nhayo\onedrive\desktop\14.11\gamesense legacy\releaseex\clua.obj
c:\users\nhayo\onedrive\desktop\14.11\gamesense legacy\releaseex\aimbot.obj
c:\users\nhayo\onedrive\desktop\14.11\gamesense legacy\releaseex\gw.obj
c:\users\nhayo\onedrive\desktop\14.11\gamesense legacy\releaseex\imgui_tables.obj
c:\users\nhayo\onedrive\desktop\14.11\gamesense legacy\releaseex\imgui_widgets.obj
c:\users\nhayo\onedrive\desktop\14.11\gamesense legacy\releaseex\serversound.obj
c:\users\nhayo\onedrive\desktop\14.11\gamesense legacy\releaseex\form.obj
c:\users\nhayo\onedrive\desktop\14.11\gamesense legacy\releaseex\lagcomp.obj
c:\users\nhayo\onedrive\desktop\14.11\gamesense legacy\releaseex\multidropdown.obj
c:\users\nhayo\onedrive\desktop\14.11\gamesense legacy\releaseex\netchannel.obj
c:\users\nhayo\onedrive\desktop\14.11\gamesense legacy\releaseex\visuals.obj
c:\users\nhayo\onedrive\desktop\14.11\gamesense legacy\releaseex\button.obj
c:\users\nhayo\onedrive\desktop\14.11\gamesense legacy\releaseex\config.obj
c:\users\nhayo\onedrive\desktop\14.11\gamesense legacy\releaseex\imgui_freetype.obj
c:\users\nhayo\onedrive\desktop\14.11\gamesense legacy\releaseex\matchframework.obj
c:\users\nhayo\onedrive\desktop\14.11\gamesense legacy\releaseex\modelrender.obj
c:\users\nhayo\onedrive\desktop\14.11\gamesense legacy\releaseex\hvh.obj
c:\users\nhayo\onedrive\desktop\14.11\gamesense legacy\releaseex\surface.obj
c:\users\nhayo\onedrive\desktop\14.11\gamesense legacy\releaseex\penetration.obj
c:\users\nhayo\onedrive\desktop\14.11\gamesense legacy\releaseex\prediction.obj
c:\users\nhayo\onedrive\desktop\14.11\gamesense legacy\releaseex\chams.obj
c:\users\nhayo\onedrive\desktop\14.11\gamesense legacy\releaseex\firebullets.obj
c:\users\nhayo\onedrive\desktop\14.11\gamesense legacy\releaseex\imgui_impl_win32.obj
c:\users\nhayo\onedrive\desktop\14.11\gamesense legacy\releaseex\materialsystem.obj
c:\users\nhayo\onedrive\desktop\14.11\gamesense legacy\releaseex\dropdown.obj
c:\users\nhayo\onedrive\desktop\14.11\gamesense legacy\releaseex\engine.obj
c:\users\nhayo\onedrive\desktop\14.11\gamesense legacy\releaseex\movement.obj
c:\users\nhayo\onedrive\desktop\14.11\gamesense legacy\releaseex\pred.obj
c:\users\nhayo\onedrive\desktop\14.11\gamesense legacy\releaseex\renderview.obj
c:\users\nhayo\onedrive\desktop\14.11\gamesense legacy\releaseex\vc142.pdb
c:\users\nhayo\onedrive\desktop\14.11\gamesense legacy\output\debug\supremacy_csgo.dll
c:\users\nhayo\onedrive\desktop\14.11\gamesense legacy\releaseex\supremacy_csgo.ipdb
c:\users\nhayo\onedrive\desktop\14.11\gamesense legacy\releaseex\supremacy_csgo.iobj
c:\users\nhayo\onedrive\desktop\14.11\gamesense legacy\output\debug\supremacy_csgo.pdb
c:\users\nhayo\onedrive\desktop\gamesense legacy\releaseex\aimbot.obj
c:\users\nhayo\onedrive\desktop\gamesense legacy\releaseex\api.obj
c:\users\nhayo\onedrive\desktop\gamesense legacy\releaseex\bonesetup.obj
c:\users\nhayo\onedrive\desktop\gamesense legacy\releaseex\button.obj
c:\users\nhayo\onedrive\desktop\gamesense legacy\releaseex\cache.obj
c:\users\nhayo\onedrive\desktop\gamesense legacy\releaseex\callbacks.obj
c:\users\nhayo\onedrive\desktop\gamesense legacy\releaseex\chams.obj
c:\users\nhayo\onedrive\desktop\gamesense legacy\releaseex\checkbox.obj
c:\users\nhayo\onedrive\desktop\gamesense legacy\releaseex\client.obj
c:\users\nhayo\onedrive\desktop\gamesense legacy\releaseex\clientdll.obj
c:\users\nhayo\onedrive\desktop\gamesense legacy\releaseex\clientmode.obj
c:\users\nhayo\onedrive\desktop\gamesense legacy\releaseex\clientstate.obj
c:\users\nhayo\onedrive\desktop\gamesense legacy\releaseex\clua.obj
c:\users\nhayo\onedrive\desktop\gamesense legacy\releaseex\colorpicker.obj
c:\users\nhayo\onedrive\desktop\gamesense legacy\releaseex\config.obj
c:\users\nhayo\onedrive\desktop\gamesense legacy\releaseex\csgo.obj
c:\users\nhayo\onedrive\desktop\gamesense legacy\releaseex\cvar.obj
c:\users\nhayo\onedrive\desktop\gamesense legacy\releaseex\dropdown.obj
c:\users\nhayo\onedrive\desktop\gamesense legacy\releaseex\duktape.obj
c:\users\nhayo\onedrive\desktop\gamesense legacy\releaseex\edit.obj
c:\users\nhayo\onedrive\desktop\gamesense legacy\releaseex\engine.obj
c:\users\nhayo\onedrive\desktop\gamesense legacy\releaseex\entry.obj
c:\users\nhayo\onedrive\desktop\gamesense legacy\releaseex\events.obj
c:\users\nhayo\onedrive\desktop\gamesense legacy\releaseex\firebullets.obj
c:\users\nhayo\onedrive\desktop\gamesense legacy\releaseex\form.obj
c:\users\nhayo\onedrive\desktop\gamesense legacy\releaseex\grenades.obj
c:\users\nhayo\onedrive\desktop\gamesense legacy\releaseex\gui.obj
c:\users\nhayo\onedrive\desktop\gamesense legacy\releaseex\gw.obj
c:\users\nhayo\onedrive\desktop\gamesense legacy\releaseex\hooks.obj
c:\users\nhayo\onedrive\desktop\gamesense legacy\releaseex\hvh.obj
c:\users\nhayo\onedrive\desktop\gamesense legacy\releaseex\imenu.obj
c:\users\nhayo\onedrive\desktop\gamesense legacy\releaseex\imgui.obj
c:\users\nhayo\onedrive\desktop\gamesense legacy\releaseex\imgui_demo.obj
c:\users\nhayo\onedrive\desktop\gamesense legacy\releaseex\imgui_draw.obj
c:\users\nhayo\onedrive\desktop\gamesense legacy\releaseex\imgui_freetype.obj
c:\users\nhayo\onedrive\desktop\gamesense legacy\releaseex\imgui_impl_dx9.obj
c:\users\nhayo\onedrive\desktop\gamesense legacy\releaseex\imgui_impl_win32.obj
c:\users\nhayo\onedrive\desktop\gamesense legacy\releaseex\imgui_tables.obj
c:\users\nhayo\onedrive\desktop\gamesense legacy\releaseex\imgui_widgets.obj
c:\users\nhayo\onedrive\desktop\gamesense legacy\releaseex\js_handler.obj
c:\users\nhayo\onedrive\desktop\gamesense legacy\releaseex\js_loader.obj
c:\users\nhayo\onedrive\desktop\gamesense legacy\releaseex\keybind.obj
c:\users\nhayo\onedrive\desktop\gamesense legacy\releaseex\knifebot.obj
c:\users\nhayo\onedrive\desktop\gamesense legacy\releaseex\lagcomp.obj
c:\users\nhayo\onedrive\desktop\gamesense legacy\releaseex\lua_hooks.obj
c:\users\nhayo\onedrive\desktop\gamesense legacy\releaseex\matchframework.obj
c:\users\nhayo\onedrive\desktop\gamesense legacy\releaseex\materialsystem.obj
c:\users\nhayo\onedrive\desktop\gamesense legacy\releaseex\math.obj
c:\users\nhayo\onedrive\desktop\gamesense legacy\releaseex\modelrender.obj
c:\users\nhayo\onedrive\desktop\gamesense legacy\releaseex\movement.obj
c:\users\nhayo\onedrive\desktop\gamesense legacy\releaseex\multidropdown.obj
c:\users\nhayo\onedrive\desktop\gamesense legacy\releaseex\netchannel.obj
c:\users\nhayo\onedrive\desktop\gamesense legacy\releaseex\netdata.obj
c:\users\nhayo\onedrive\desktop\gamesense legacy\releaseex\panel.obj
c:\users\nhayo\onedrive\desktop\gamesense legacy\releaseex\penetration.obj
c:\users\nhayo\onedrive\desktop\gamesense legacy\releaseex\player.obj
c:\users\nhayo\onedrive\desktop\gamesense legacy\releaseex\plist.obj
c:\users\nhayo\onedrive\desktop\gamesense legacy\releaseex\pred.obj
c:\users\nhayo\onedrive\desktop\gamesense legacy\releaseex\prediction.obj
c:\users\nhayo\onedrive\desktop\gamesense legacy\releaseex\render.obj
c:\users\nhayo\onedrive\desktop\gamesense legacy\releaseex\renderview.obj
c:\users\nhayo\onedrive\desktop\gamesense legacy\releaseex\resolver.obj
c:\users\nhayo\onedrive\desktop\gamesense legacy\releaseex\serversound.obj
c:\users\nhayo\onedrive\desktop\gamesense legacy\releaseex\sha256.obj
c:\users\nhayo\onedrive\desktop\gamesense legacy\releaseex\shadowmgr.obj
c:\users\nhayo\onedrive\desktop\gamesense legacy\releaseex\shots.obj
c:\users\nhayo\onedrive\desktop\gamesense legacy\releaseex\skins.obj
c:\users\nhayo\onedrive\desktop\gamesense legacy\releaseex\slider.obj
c:\users\nhayo\onedrive\desktop\gamesense legacy\releaseex\surface.obj
c:\users\nhayo\onedrive\desktop\gamesense legacy\releaseex\viewrender.obj
c:\users\nhayo\onedrive\desktop\gamesense legacy\releaseex\visuals.obj
c:\users\nhayo\onedrive\desktop\gamesense legacy\releaseex\wndproc.obj
c:\users\nhayo\onedrive\desktop\gamesense legacy\releaseex\supremacy_csgo.ipdb
c:\users\nhayo\onedrive\desktop\gamesense legacy\releaseex\supremacy_csgo.iobj
c:\users\nhayo\onedrive\desktop\gamesense legacy\releaseex\vc142.pdb
c:\users\nhayo\onedrive\desktop\gamesense legacy\output\debug\supremacy_csgo.dll
c:\users\nhayo\onedrive\desktop\gamesense legacy\releaseex\supremacy_csgo.tlog\cl.10276.write.1.tlog
c:\users\nhayo\onedrive\desktop\gamesense legacy\releaseex\supremacy_csgo.tlog\cl.command.1.tlog
c:\users\nhayo\onedrive\desktop\gamesense legacy\releaseex\supremacy_csgo.tlog\cl.read.1.tlog
c:\users\nhayo\onedrive\desktop\gamesense legacy\releaseex\supremacy_csgo.tlog\link.command.1.tlog
c:\users\nhayo\onedrive\desktop\gamesense legacy\releaseex\supremacy_csgo.tlog\link.read.1.tlog
c:\users\nhayo\onedrive\desktop\gamesense legacy\releaseex\supremacy_csgo.tlog\link.write.1.tlog
