c:\users\dd\desktop\gamesense legacy\release\cache.obj
c:\users\dd\desktop\gamesense legacy\release\clientstate.obj
c:\users\dd\desktop\gamesense legacy\release\duktape.obj
c:\users\dd\desktop\gamesense legacy\release\imgui.obj
c:\users\dd\desktop\gamesense legacy\release\js_handler.obj
c:\users\dd\desktop\gamesense legacy\release\shadowmgr.obj
c:\users\dd\desktop\gamesense legacy\release\grenades.obj
c:\users\dd\desktop\gamesense legacy\release\clientdll.obj
c:\users\dd\desktop\gamesense legacy\release\netdata.obj
c:\users\dd\desktop\gamesense legacy\release\render.obj
c:\users\dd\desktop\gamesense legacy\release\wndproc.obj
c:\users\dd\desktop\gamesense legacy\release\chams.obj
c:\users\dd\desktop\gamesense legacy\release\events.obj
c:\users\dd\desktop\gamesense legacy\release\imgui_impl_win32.obj
c:\users\dd\desktop\gamesense legacy\release\plist.obj
c:\users\dd\desktop\gamesense legacy\release\entry.obj
c:\users\dd\desktop\gamesense legacy\release\knifebot.obj
c:\users\dd\desktop\gamesense legacy\release\movement.obj
c:\users\dd\desktop\gamesense legacy\release\pred.obj
c:\users\dd\desktop\gamesense legacy\release\slider.obj
c:\users\dd\desktop\gamesense legacy\release\callbacks.obj
c:\users\dd\desktop\gamesense legacy\release\colorpicker.obj
c:\users\dd\desktop\gamesense legacy\release\imgui_demo.obj
c:\users\dd\desktop\gamesense legacy\release\clua.obj
c:\users\dd\desktop\gamesense legacy\release\checkbox.obj
c:\users\dd\desktop\gamesense legacy\release\edit.obj
c:\users\dd\desktop\gamesense legacy\release\imgui_freetype.obj
c:\users\dd\desktop\gamesense legacy\release\materialsystem.obj
c:\users\dd\desktop\gamesense legacy\release\dropdown.obj
c:\users\dd\desktop\gamesense legacy\release\engine.obj
c:\users\dd\desktop\gamesense legacy\release\surface.obj
c:\users\dd\desktop\gamesense legacy\release\player.obj
c:\users\dd\desktop\gamesense legacy\release\renderview.obj
c:\users\dd\desktop\gamesense legacy\release\button.obj
c:\users\dd\desktop\gamesense legacy\release\firebullets.obj
c:\users\dd\desktop\gamesense legacy\release\imgui_draw.obj
c:\users\dd\desktop\gamesense legacy\release\matchframework.obj
c:\users\dd\desktop\gamesense legacy\release\modelrender.obj
c:\users\dd\desktop\gamesense legacy\release\hvh.obj
c:\users\dd\desktop\gamesense legacy\release\math.obj
c:\users\dd\desktop\gamesense legacy\release\penetration.obj
c:\users\dd\desktop\gamesense legacy\release\prediction.obj
c:\users\dd\desktop\gamesense legacy\release\bonesetup.obj
c:\users\dd\desktop\gamesense legacy\release\config.obj
c:\users\dd\desktop\gamesense legacy\release\imgui_impl_dx9.obj
c:\users\dd\desktop\gamesense legacy\release\lua_hooks.obj
c:\users\dd\desktop\gamesense legacy\release\sha256.obj
c:\users\dd\desktop\gamesense legacy\release\csgo.obj
c:\users\dd\desktop\gamesense legacy\release\gui.obj
c:\users\dd\desktop\gamesense legacy\release\shots.obj
c:\users\dd\desktop\gamesense legacy\release\clientmode.obj
c:\users\dd\desktop\gamesense legacy\release\viewrender.obj
c:\users\dd\desktop\gamesense legacy\release\api.obj
c:\users\dd\desktop\gamesense legacy\release\client.obj
c:\users\dd\desktop\gamesense legacy\release\imenu.obj
c:\users\dd\desktop\gamesense legacy\release\js_loader.obj
c:\users\dd\desktop\gamesense legacy\release\keybind.obj
c:\users\dd\desktop\gamesense legacy\release\cvar.obj
c:\users\dd\desktop\gamesense legacy\release\hooks.obj
c:\users\dd\desktop\gamesense legacy\release\skins.obj
c:\users\dd\desktop\gamesense legacy\release\panel.obj
c:\users\dd\desktop\gamesense legacy\release\resolver.obj
c:\users\dd\desktop\gamesense legacy\release\aimbot.obj
c:\users\dd\desktop\gamesense legacy\release\gw.obj
c:\users\dd\desktop\gamesense legacy\release\imgui_tables.obj
c:\users\dd\desktop\gamesense legacy\release\imgui_widgets.obj
c:\users\dd\desktop\gamesense legacy\release\serversound.obj
c:\users\dd\desktop\gamesense legacy\release\form.obj
c:\users\dd\desktop\gamesense legacy\release\lagcomp.obj
c:\users\dd\desktop\gamesense legacy\release\multidropdown.obj
c:\users\dd\desktop\gamesense legacy\release\netchannel.obj
c:\users\dd\desktop\gamesense legacy\release\visuals.obj
c:\users\dd\desktop\gamesense legacy\output\release\supremacy_csgo.dll
c:\users\dd\desktop\gamesense legacy\release\supremacy_csgo.ipdb
c:\users\dd\desktop\gamesense legacy\release\supremacy_csgo.iobj
c:\users\nhayo\onedrive\desktop\gamesense legacy\release\aimbot.obj
c:\users\nhayo\onedrive\desktop\gamesense legacy\release\api.obj
c:\users\nhayo\onedrive\desktop\gamesense legacy\release\bonesetup.obj
c:\users\nhayo\onedrive\desktop\gamesense legacy\release\button.obj
c:\users\nhayo\onedrive\desktop\gamesense legacy\release\cache.obj
c:\users\nhayo\onedrive\desktop\gamesense legacy\release\callbacks.obj
c:\users\nhayo\onedrive\desktop\gamesense legacy\release\chams.obj
c:\users\nhayo\onedrive\desktop\gamesense legacy\release\checkbox.obj
c:\users\nhayo\onedrive\desktop\gamesense legacy\release\client.obj
c:\users\nhayo\onedrive\desktop\gamesense legacy\release\clientdll.obj
c:\users\nhayo\onedrive\desktop\gamesense legacy\release\clientmode.obj
c:\users\nhayo\onedrive\desktop\gamesense legacy\release\clientstate.obj
c:\users\nhayo\onedrive\desktop\gamesense legacy\release\clua.obj
c:\users\nhayo\onedrive\desktop\gamesense legacy\release\colorpicker.obj
c:\users\nhayo\onedrive\desktop\gamesense legacy\release\config.obj
c:\users\nhayo\onedrive\desktop\gamesense legacy\release\csgo.obj
c:\users\nhayo\onedrive\desktop\gamesense legacy\release\cvar.obj
c:\users\nhayo\onedrive\desktop\gamesense legacy\release\dropdown.obj
c:\users\nhayo\onedrive\desktop\gamesense legacy\release\duktape.obj
c:\users\nhayo\onedrive\desktop\gamesense legacy\release\edit.obj
c:\users\nhayo\onedrive\desktop\gamesense legacy\release\engine.obj
c:\users\nhayo\onedrive\desktop\gamesense legacy\release\entry.obj
c:\users\nhayo\onedrive\desktop\gamesense legacy\release\events.obj
c:\users\nhayo\onedrive\desktop\gamesense legacy\release\firebullets.obj
c:\users\nhayo\onedrive\desktop\gamesense legacy\release\form.obj
c:\users\nhayo\onedrive\desktop\gamesense legacy\release\grenades.obj
c:\users\nhayo\onedrive\desktop\gamesense legacy\release\gui.obj
c:\users\nhayo\onedrive\desktop\gamesense legacy\release\gw.obj
c:\users\nhayo\onedrive\desktop\gamesense legacy\release\hooks.obj
c:\users\nhayo\onedrive\desktop\gamesense legacy\release\hvh.obj
c:\users\nhayo\onedrive\desktop\gamesense legacy\release\imenu.obj
c:\users\nhayo\onedrive\desktop\gamesense legacy\release\imgui.obj
c:\users\nhayo\onedrive\desktop\gamesense legacy\release\imgui_demo.obj
c:\users\nhayo\onedrive\desktop\gamesense legacy\release\imgui_draw.obj
c:\users\nhayo\onedrive\desktop\gamesense legacy\release\imgui_freetype.obj
c:\users\nhayo\onedrive\desktop\gamesense legacy\release\imgui_impl_dx9.obj
c:\users\nhayo\onedrive\desktop\gamesense legacy\release\imgui_impl_win32.obj
c:\users\nhayo\onedrive\desktop\gamesense legacy\release\imgui_tables.obj
c:\users\nhayo\onedrive\desktop\gamesense legacy\release\imgui_widgets.obj
c:\users\nhayo\onedrive\desktop\gamesense legacy\release\js_handler.obj
c:\users\nhayo\onedrive\desktop\gamesense legacy\release\js_loader.obj
c:\users\nhayo\onedrive\desktop\gamesense legacy\release\keybind.obj
c:\users\nhayo\onedrive\desktop\gamesense legacy\release\knifebot.obj
c:\users\nhayo\onedrive\desktop\gamesense legacy\release\lagcomp.obj
c:\users\nhayo\onedrive\desktop\gamesense legacy\release\lua_hooks.obj
c:\users\nhayo\onedrive\desktop\gamesense legacy\release\matchframework.obj
c:\users\nhayo\onedrive\desktop\gamesense legacy\release\materialsystem.obj
c:\users\nhayo\onedrive\desktop\gamesense legacy\release\math.obj
c:\users\nhayo\onedrive\desktop\gamesense legacy\release\modelrender.obj
c:\users\nhayo\onedrive\desktop\gamesense legacy\release\movement.obj
c:\users\nhayo\onedrive\desktop\gamesense legacy\release\multidropdown.obj
c:\users\nhayo\onedrive\desktop\gamesense legacy\release\netchannel.obj
c:\users\nhayo\onedrive\desktop\gamesense legacy\release\netdata.obj
c:\users\nhayo\onedrive\desktop\gamesense legacy\release\panel.obj
c:\users\nhayo\onedrive\desktop\gamesense legacy\release\penetration.obj
c:\users\nhayo\onedrive\desktop\gamesense legacy\release\player.obj
c:\users\nhayo\onedrive\desktop\gamesense legacy\release\plist.obj
c:\users\nhayo\onedrive\desktop\gamesense legacy\release\pred.obj
c:\users\nhayo\onedrive\desktop\gamesense legacy\release\prediction.obj
c:\users\nhayo\onedrive\desktop\gamesense legacy\release\render.obj
c:\users\nhayo\onedrive\desktop\gamesense legacy\release\renderview.obj
c:\users\nhayo\onedrive\desktop\gamesense legacy\release\resolver.obj
c:\users\nhayo\onedrive\desktop\gamesense legacy\release\serversound.obj
c:\users\nhayo\onedrive\desktop\gamesense legacy\release\sha256.obj
c:\users\nhayo\onedrive\desktop\gamesense legacy\release\shadowmgr.obj
c:\users\nhayo\onedrive\desktop\gamesense legacy\release\shots.obj
c:\users\nhayo\onedrive\desktop\gamesense legacy\release\skins.obj
c:\users\nhayo\onedrive\desktop\gamesense legacy\release\slider.obj
c:\users\nhayo\onedrive\desktop\gamesense legacy\release\surface.obj
c:\users\nhayo\onedrive\desktop\gamesense legacy\release\viewrender.obj
c:\users\nhayo\onedrive\desktop\gamesense legacy\release\visuals.obj
c:\users\nhayo\onedrive\desktop\gamesense legacy\release\wndproc.obj
c:\users\nhayo\onedrive\desktop\gamesense legacy\release\supremacy_csgo.ipdb
c:\users\nhayo\onedrive\desktop\gamesense legacy\release\supremacy_csgo.iobj
c:\users\nhayo\onedrive\desktop\gamesense legacy\output\release\supremacy_csgo.dll
c:\users\nhayo\onedrive\desktop\gamesense legacy\release\supremacy_csgo.tlog\cl.command.1.tlog
c:\users\nhayo\onedrive\desktop\gamesense legacy\release\supremacy_csgo.tlog\cl.read.1.tlog
c:\users\nhayo\onedrive\desktop\gamesense legacy\release\supremacy_csgo.tlog\cl.write.1.tlog
c:\users\nhayo\onedrive\desktop\gamesense legacy\release\supremacy_csgo.tlog\link.command.1.tlog
c:\users\nhayo\onedrive\desktop\gamesense legacy\release\supremacy_csgo.tlog\link.read.1.tlog
c:\users\nhayo\onedrive\desktop\gamesense legacy\release\supremacy_csgo.tlog\link.write.1.tlog
